<?xml version="1.0" encoding="UTF-8"?>
<!-- Generated by org.testng.reporters.JUnitXMLReporter -->
<testsuite hostname="DESKTOP-VULOD1R" ignored="0" name="Test" tests="3" failures="1" timestamp="13 Jul 2022 07:50:00 GMT" time="2.207" errors="0">
  <testcase name="failtest" time="0.014" classname="com.tests.LoginTest">
    <failure type="java.lang.AssertionError" message="expected [true] but found [false]">
      <![CDATA[java.lang.AssertionError: expected [true] but found [false]
at com.tests.LoginTest.failtest(LoginTest.java:36)
... Removed 29 stack frames]]>
    </failure>
  </testcase> <!-- failtest -->
  <testcase name="passtest" time="1.717" classname="com.tests.LoginTest"/>
  <testcase name="skiptest" time="0.002" classname="com.tests.LoginTest">
    <skipped/>
  </testcase> <!-- skiptest -->
</testsuite> <!-- Test -->
